2023-02-28 23:42:22,853 [Worker-1: Loading available Gradle versions] INFO  o.e.b.c.i.u.g.PublishedGradleVersions - Gradle version information cache is up-to-date. Trying to read.
2023-02-28 23:46:37,254 [Worker-1: Importing Maven projects] INFO  o.e.m.c.i.l.LifecycleMappingFactory - Using org.eclipse.m2e.jdt.JarLifecycleMapping lifecycle mapping for MavenProject: com.indiatour:Etour:0.0.1-SNAPSHOT @ C:\Users\dhuma\Downloads\indiatourjava-master\indiatourjava-master\pom.xml.
2023-02-28 23:46:39,961 [Worker-1: Importing Maven projects] INFO  o.e.m.j.i.AbstractJavaProjectConfigurator - Adding source folder /Etour/src/main/java
2023-02-28 23:46:39,962 [Worker-1: Importing Maven projects] INFO  o.e.m.j.i.AbstractJavaProjectConfigurator - Adding resource folder /Etour/src/main/resources
2023-02-28 23:46:39,998 [Worker-1: Importing Maven projects] INFO  o.e.m.j.i.AbstractJavaProjectConfigurator - Adding resource folder /Etour/src/main/resources
2023-02-28 23:46:40,020 [Worker-1: Importing Maven projects] INFO  o.e.m.j.i.AbstractJavaProjectConfigurator - Adding source folder /Etour/src/test/java
2023-02-28 23:46:42,952 [Worker-1: Importing Maven projects] INFO  o.e.m.c.i.p.ProjectConfigurationManager - Imported and configured 1 project(s) in 7 sec
2023-02-28 23:49:03,781 [Worker-14: Updating Maven Project] INFO  o.e.m.c.i.p.ProjectConfigurationManager - Update started
2023-02-28 23:49:04,261 [Worker-14: Updating Maven Project] INFO  o.e.m.c.i.l.LifecycleMappingFactory - Using org.eclipse.m2e.jdt.JarLifecycleMapping lifecycle mapping for MavenProject: com.indiatour:Etour:0.0.1-SNAPSHOT @ C:\Users\dhuma\Downloads\indiatourjava-master\indiatourjava-master\pom.xml.
2023-02-28 23:49:05,052 [Worker-14: Updating Maven Project] INFO  o.e.m.j.i.AbstractJavaProjectConfigurator - Adding source folder /Etour/src/main/java
2023-02-28 23:49:05,053 [Worker-14: Updating Maven Project] INFO  o.e.m.j.i.AbstractJavaProjectConfigurator - Adding resource folder /Etour/src/main/resources
2023-02-28 23:49:05,054 [Worker-14: Updating Maven Project] INFO  o.e.m.j.i.AbstractJavaProjectConfigurator - Adding resource folder /Etour/src/main/resources
2023-02-28 23:49:05,057 [Worker-14: Updating Maven Project] INFO  o.e.m.j.i.AbstractJavaProjectConfigurator - Adding source folder /Etour/src/test/java
2023-02-28 23:49:05,671 [Worker-14: Updating Maven Project] INFO  o.e.m.c.i.p.ProjectConfigurationManager - Update completed for 1 poms: local refresh takes 0.00 sec, refresh facades takes 1.00 sec, update config takes 0.00 sec 
2023-02-28 23:53:12,618 [Worker-15: Updating Maven Project] INFO  o.e.m.c.i.p.ProjectConfigurationManager - Update started
2023-02-28 23:53:13,144 [Worker-15: Updating Maven Project] INFO  o.e.m.c.i.l.LifecycleMappingFactory - Using org.eclipse.m2e.jdt.JarLifecycleMapping lifecycle mapping for MavenProject: com.indiatour:Etour:0.0.1-SNAPSHOT @ C:\Users\dhuma\Downloads\indiatourjava-master\indiatourjava-master\pom.xml.
2023-02-28 23:53:13,972 [Worker-15: Updating Maven Project] INFO  o.e.m.j.i.AbstractJavaProjectConfigurator - Adding source folder /Etour/src/main/java
2023-02-28 23:53:13,973 [Worker-15: Updating Maven Project] INFO  o.e.m.j.i.AbstractJavaProjectConfigurator - Adding resource folder /Etour/src/main/resources
2023-02-28 23:53:13,974 [Worker-15: Updating Maven Project] INFO  o.e.m.j.i.AbstractJavaProjectConfigurator - Adding resource folder /Etour/src/main/resources
2023-02-28 23:53:13,978 [Worker-15: Updating Maven Project] INFO  o.e.m.j.i.AbstractJavaProjectConfigurator - Adding source folder /Etour/src/test/java
2023-02-28 23:53:14,700 [Worker-15: Updating Maven Project] INFO  o.e.m.c.i.p.ProjectConfigurationManager - Update completed for 1 poms: local refresh takes 0.00 sec, refresh facades takes 1.00 sec, update config takes 0.00 sec 
2023-02-28 23:55:18,957 [Worker-18: Launching Executing clean in C__Users_dhuma_Downloads_indiatourjava-master_indiatourjava-master] INFO  o.eclipse.m2e.core.internal.Bundles - getClasspathEntries(Bundle=org.eclipse.m2e.maven.runtime_3.8.604.20221130-2149 [345])
2023-02-28 23:55:18,967 [Worker-18: Launching Executing clean in C__Users_dhuma_Downloads_indiatourjava-master_indiatourjava-master] INFO  o.eclipse.m2e.core.internal.Bundles - 	Entry: C:\Users\dhuma\Desktop\sts-4.17.2.RELEASE\plugins\org.eclipse.m2e.maven.runtime_3.8.604.20221130-2149
2023-02-28 23:55:18,968 [Worker-18: Launching Executing clean in C__Users_dhuma_Downloads_indiatourjava-master_indiatourjava-master] INFO  o.eclipse.m2e.core.internal.Bundles - 	Entry: C:\Users\dhuma\Desktop\sts-4.17.2.RELEASE\plugins\org.eclipse.m2e.maven.runtime_3.8.604.20221130-2149\jars\aether-connector-okhttp-0.17.8.jar
2023-02-28 23:55:18,968 [Worker-18: Launching Executing clean in C__Users_dhuma_Downloads_indiatourjava-master_indiatourjava-master] INFO  o.eclipse.m2e.core.internal.Bundles - 	Entry: C:\Users\dhuma\Desktop\sts-4.17.2.RELEASE\plugins\org.eclipse.m2e.maven.runtime_3.8.604.20221130-2149\jars\commons-cli-1.4.jar
2023-02-28 23:55:18,970 [Worker-18: Launching Executing clean in C__Users_dhuma_Downloads_indiatourjava-master_indiatourjava-master] INFO  o.eclipse.m2e.core.internal.Bundles - 	Entry: C:\Users\dhuma\Desktop\sts-4.17.2.RELEASE\plugins\org.eclipse.m2e.maven.runtime_3.8.604.20221130-2149\jars\commons-io-2.6.jar
2023-02-28 23:55:18,970 [Worker-18: Launching Executing clean in C__Users_dhuma_Downloads_indiatourjava-master_indiatourjava-master] INFO  o.eclipse.m2e.core.internal.Bundles - 	Entry: C:\Users\dhuma\Desktop\sts-4.17.2.RELEASE\plugins\org.eclipse.m2e.maven.runtime_3.8.604.20221130-2149\jars\commons-lang3-3.8.1.jar
2023-02-28 23:55:18,971 [Worker-18: Launching Executing clean in C__Users_dhuma_Downloads_indiatourjava-master_indiatourjava-master] INFO  o.eclipse.m2e.core.internal.Bundles - 	Entry: C:\Users\dhuma\Desktop\sts-4.17.2.RELEASE\plugins\org.eclipse.m2e.maven.runtime_3.8.604.20221130-2149\jars\guice-4.2.2-no_aop.jar
2023-02-28 23:55:18,972 [Worker-18: Launching Executing clean in C__Users_dhuma_Downloads_indiatourjava-master_indiatourjava-master] INFO  o.eclipse.m2e.core.internal.Bundles - 	Entry: C:\Users\dhuma\Desktop\sts-4.17.2.RELEASE\plugins\org.eclipse.m2e.maven.runtime_3.8.604.20221130-2149\jars\jansi-2.4.0.jar
2023-02-28 23:55:18,972 [Worker-18: Launching Executing clean in C__Users_dhuma_Downloads_indiatourjava-master_indiatourjava-master] INFO  o.eclipse.m2e.core.internal.Bundles - 	Entry: C:\Users\dhuma\Desktop\sts-4.17.2.RELEASE\plugins\org.eclipse.m2e.maven.runtime_3.8.604.20221130-2149\jars\maven-artifact-3.8.6.jar
2023-02-28 23:55:18,972 [Worker-18: Launching Executing clean in C__Users_dhuma_Downloads_indiatourjava-master_indiatourjava-master] INFO  o.eclipse.m2e.core.internal.Bundles - 	Entry: C:\Users\dhuma\Desktop\sts-4.17.2.RELEASE\plugins\org.eclipse.m2e.maven.runtime_3.8.604.20221130-2149\jars\maven-builder-support-3.8.6.jar
2023-02-28 23:55:18,973 [Worker-18: Launching Executing clean in C__Users_dhuma_Downloads_indiatourjava-master_indiatourjava-master] INFO  o.eclipse.m2e.core.internal.Bundles - 	Entry: C:\Users\dhuma\Desktop\sts-4.17.2.RELEASE\plugins\org.eclipse.m2e.maven.runtime_3.8.604.20221130-2149\jars\maven-compat-3.8.6.jar
2023-02-28 23:55:18,973 [Worker-18: Launching Executing clean in C__Users_dhuma_Downloads_indiatourjava-master_indiatourjava-master] INFO  o.eclipse.m2e.core.internal.Bundles - 	Entry: C:\Users\dhuma\Desktop\sts-4.17.2.RELEASE\plugins\org.eclipse.m2e.maven.runtime_3.8.604.20221130-2149\jars\maven-core-3.8.6.jar
2023-02-28 23:55:18,974 [Worker-18: Launching Executing clean in C__Users_dhuma_Downloads_indiatourjava-master_indiatourjava-master] INFO  o.eclipse.m2e.core.internal.Bundles - 	Entry: C:\Users\dhuma\Desktop\sts-4.17.2.RELEASE\plugins\org.eclipse.m2e.maven.runtime_3.8.604.20221130-2149\jars\maven-embedder-3.8.6.jar
2023-02-28 23:55:18,974 [Worker-18: Launching Executing clean in C__Users_dhuma_Downloads_indiatourjava-master_indiatourjava-master] INFO  o.eclipse.m2e.core.internal.Bundles - 	Entry: C:\Users\dhuma\Desktop\sts-4.17.2.RELEASE\plugins\org.eclipse.m2e.maven.runtime_3.8.604.20221130-2149\jars\maven-model-3.8.6.jar
2023-02-28 23:55:18,975 [Worker-18: Launching Executing clean in C__Users_dhuma_Downloads_indiatourjava-master_indiatourjava-master] INFO  o.eclipse.m2e.core.internal.Bundles - 	Entry: C:\Users\dhuma\Desktop\sts-4.17.2.RELEASE\plugins\org.eclipse.m2e.maven.runtime_3.8.604.20221130-2149\jars\maven-model-builder-3.8.6.jar
2023-02-28 23:55:18,975 [Worker-18: Launching Executing clean in C__Users_dhuma_Downloads_indiatourjava-master_indiatourjava-master] INFO  o.eclipse.m2e.core.internal.Bundles - 	Entry: C:\Users\dhuma\Desktop\sts-4.17.2.RELEASE\plugins\org.eclipse.m2e.maven.runtime_3.8.604.20221130-2149\jars\maven-plugin-api-3.8.6.jar
2023-02-28 23:55:18,975 [Worker-18: Launching Executing clean in C__Users_dhuma_Downloads_indiatourjava-master_indiatourjava-master] INFO  o.eclipse.m2e.core.internal.Bundles - 	Entry: C:\Users\dhuma\Desktop\sts-4.17.2.RELEASE\plugins\org.eclipse.m2e.maven.runtime_3.8.604.20221130-2149\jars\maven-repository-metadata-3.8.6.jar
2023-02-28 23:55:18,977 [Worker-18: Launching Executing clean in C__Users_dhuma_Downloads_indiatourjava-master_indiatourjava-master] INFO  o.eclipse.m2e.core.internal.Bundles - 	Entry: C:\Users\dhuma\Desktop\sts-4.17.2.RELEASE\plugins\org.eclipse.m2e.maven.runtime_3.8.604.20221130-2149\jars\maven-resolver-api-1.6.3.jar
2023-02-28 23:55:18,977 [Worker-18: Launching Executing clean in C__Users_dhuma_Downloads_indiatourjava-master_indiatourjava-master] INFO  o.eclipse.m2e.core.internal.Bundles - 	Entry: C:\Users\dhuma\Desktop\sts-4.17.2.RELEASE\plugins\org.eclipse.m2e.maven.runtime_3.8.604.20221130-2149\jars\maven-resolver-connector-basic-1.6.3.jar
2023-02-28 23:55:18,977 [Worker-18: Launching Executing clean in C__Users_dhuma_Downloads_indiatourjava-master_indiatourjava-master] INFO  o.eclipse.m2e.core.internal.Bundles - 	Entry: C:\Users\dhuma\Desktop\sts-4.17.2.RELEASE\plugins\org.eclipse.m2e.maven.runtime_3.8.604.20221130-2149\jars\maven-resolver-impl-1.6.3.jar
2023-02-28 23:55:18,978 [Worker-18: Launching Executing clean in C__Users_dhuma_Downloads_indiatourjava-master_indiatourjava-master] INFO  o.eclipse.m2e.core.internal.Bundles - 	Entry: C:\Users\dhuma\Desktop\sts-4.17.2.RELEASE\plugins\org.eclipse.m2e.maven.runtime_3.8.604.20221130-2149\jars\maven-resolver-provider-3.8.6.jar
2023-02-28 23:55:18,978 [Worker-18: Launching Executing clean in C__Users_dhuma_Downloads_indiatourjava-master_indiatourjava-master] INFO  o.eclipse.m2e.core.internal.Bundles - 	Entry: C:\Users\dhuma\Desktop\sts-4.17.2.RELEASE\plugins\org.eclipse.m2e.maven.runtime_3.8.604.20221130-2149\jars\maven-resolver-spi-1.6.3.jar
2023-02-28 23:55:18,978 [Worker-18: Launching Executing clean in C__Users_dhuma_Downloads_indiatourjava-master_indiatourjava-master] INFO  o.eclipse.m2e.core.internal.Bundles - 	Entry: C:\Users\dhuma\Desktop\sts-4.17.2.RELEASE\plugins\org.eclipse.m2e.maven.runtime_3.8.604.20221130-2149\jars\maven-resolver-transport-wagon-1.6.3.jar
2023-02-28 23:55:18,980 [Worker-18: Launching Executing clean in C__Users_dhuma_Downloads_indiatourjava-master_indiatourjava-master] INFO  o.eclipse.m2e.core.internal.Bundles - 	Entry: C:\Users\dhuma\Desktop\sts-4.17.2.RELEASE\plugins\org.eclipse.m2e.maven.runtime_3.8.604.20221130-2149\jars\maven-resolver-util-1.6.3.jar
2023-02-28 23:55:18,980 [Worker-18: Launching Executing clean in C__Users_dhuma_Downloads_indiatourjava-master_indiatourjava-master] INFO  o.eclipse.m2e.core.internal.Bundles - 	Entry: C:\Users\dhuma\Desktop\sts-4.17.2.RELEASE\plugins\org.eclipse.m2e.maven.runtime_3.8.604.20221130-2149\jars\maven-settings-3.8.6.jar
2023-02-28 23:55:18,980 [Worker-18: Launching Executing clean in C__Users_dhuma_Downloads_indiatourjava-master_indiatourjava-master] INFO  o.eclipse.m2e.core.internal.Bundles - 	Entry: C:\Users\dhuma\Desktop\sts-4.17.2.RELEASE\plugins\org.eclipse.m2e.maven.runtime_3.8.604.20221130-2149\jars\maven-settings-builder-3.8.6.jar
2023-02-28 23:55:18,981 [Worker-18: Launching Executing clean in C__Users_dhuma_Downloads_indiatourjava-master_indiatourjava-master] INFO  o.eclipse.m2e.core.internal.Bundles - 	Entry: C:\Users\dhuma\Desktop\sts-4.17.2.RELEASE\plugins\org.eclipse.m2e.maven.runtime_3.8.604.20221130-2149\jars\maven-shared-utils-3.3.4.jar
2023-02-28 23:55:18,982 [Worker-18: Launching Executing clean in C__Users_dhuma_Downloads_indiatourjava-master_indiatourjava-master] INFO  o.eclipse.m2e.core.internal.Bundles - 	Entry: C:\Users\dhuma\Desktop\sts-4.17.2.RELEASE\plugins\org.eclipse.m2e.maven.runtime_3.8.604.20221130-2149\jars\okhttp-3.14.1.jar
2023-02-28 23:55:18,982 [Worker-18: Launching Executing clean in C__Users_dhuma_Downloads_indiatourjava-master_indiatourjava-master] INFO  o.eclipse.m2e.core.internal.Bundles - 	Entry: C:\Users\dhuma\Desktop\sts-4.17.2.RELEASE\plugins\org.eclipse.m2e.maven.runtime_3.8.604.20221130-2149\jars\okio-1.17.3.jar
2023-02-28 23:55:18,983 [Worker-18: Launching Executing clean in C__Users_dhuma_Downloads_indiatourjava-master_indiatourjava-master] INFO  o.eclipse.m2e.core.internal.Bundles - 	Entry: C:\Users\dhuma\Desktop\sts-4.17.2.RELEASE\plugins\org.eclipse.m2e.maven.runtime_3.8.604.20221130-2149\jars\org.eclipse.sisu.inject-0.3.5.jar
2023-02-28 23:55:18,983 [Worker-18: Launching Executing clean in C__Users_dhuma_Downloads_indiatourjava-master_indiatourjava-master] INFO  o.eclipse.m2e.core.internal.Bundles - 	Entry: C:\Users\dhuma\Desktop\sts-4.17.2.RELEASE\plugins\org.eclipse.m2e.maven.runtime_3.8.604.20221130-2149\jars\org.eclipse.sisu.plexus-0.3.5.jar
2023-02-28 23:55:18,983 [Worker-18: Launching Executing clean in C__Users_dhuma_Downloads_indiatourjava-master_indiatourjava-master] INFO  o.eclipse.m2e.core.internal.Bundles - 	Entry: C:\Users\dhuma\Desktop\sts-4.17.2.RELEASE\plugins\org.eclipse.m2e.maven.runtime_3.8.604.20221130-2149\jars\plexus-build-api-0.0.7.jar
2023-02-28 23:55:18,985 [Worker-18: Launching Executing clean in C__Users_dhuma_Downloads_indiatourjava-master_indiatourjava-master] INFO  o.eclipse.m2e.core.internal.Bundles - 	Entry: C:\Users\dhuma\Desktop\sts-4.17.2.RELEASE\plugins\org.eclipse.m2e.maven.runtime_3.8.604.20221130-2149\jars\plexus-cipher-2.0.jar
2023-02-28 23:55:18,985 [Worker-18: Launching Executing clean in C__Users_dhuma_Downloads_indiatourjava-master_indiatourjava-master] INFO  o.eclipse.m2e.core.internal.Bundles - 	Entry: C:\Users\dhuma\Desktop\sts-4.17.2.RELEASE\plugins\org.eclipse.m2e.maven.runtime_3.8.604.20221130-2149\jars\plexus-classworlds-2.6.0.jar
2023-02-28 23:55:18,986 [Worker-18: Launching Executing clean in C__Users_dhuma_Downloads_indiatourjava-master_indiatourjava-master] INFO  o.eclipse.m2e.core.internal.Bundles - 	Entry: C:\Users\dhuma\Desktop\sts-4.17.2.RELEASE\plugins\org.eclipse.m2e.maven.runtime_3.8.604.20221130-2149\jars\plexus-component-annotations-2.1.0.jar
2023-02-28 23:55:18,987 [Worker-18: Launching Executing clean in C__Users_dhuma_Downloads_indiatourjava-master_indiatourjava-master] INFO  o.eclipse.m2e.core.internal.Bundles - 	Entry: C:\Users\dhuma\Desktop\sts-4.17.2.RELEASE\plugins\org.eclipse.m2e.maven.runtime_3.8.604.20221130-2149\jars\plexus-interpolation-1.26.jar
2023-02-28 23:55:18,987 [Worker-18: Launching Executing clean in C__Users_dhuma_Downloads_indiatourjava-master_indiatourjava-master] INFO  o.eclipse.m2e.core.internal.Bundles - 	Entry: C:\Users\dhuma\Desktop\sts-4.17.2.RELEASE\plugins\org.eclipse.m2e.maven.runtime_3.8.604.20221130-2149\jars\plexus-sec-dispatcher-2.0.jar
2023-02-28 23:55:18,987 [Worker-18: Launching Executing clean in C__Users_dhuma_Downloads_indiatourjava-master_indiatourjava-master] INFO  o.eclipse.m2e.core.internal.Bundles - 	Entry: C:\Users\dhuma\Desktop\sts-4.17.2.RELEASE\plugins\org.eclipse.m2e.maven.runtime_3.8.604.20221130-2149\jars\plexus-utils-3.3.1.jar
2023-02-28 23:55:18,987 [Worker-18: Launching Executing clean in C__Users_dhuma_Downloads_indiatourjava-master_indiatourjava-master] INFO  o.eclipse.m2e.core.internal.Bundles - 	Entry: C:\Users\dhuma\Desktop\sts-4.17.2.RELEASE\plugins\org.eclipse.m2e.maven.runtime_3.8.604.20221130-2149\jars\wagon-file-3.5.1.jar
2023-02-28 23:55:18,989 [Worker-18: Launching Executing clean in C__Users_dhuma_Downloads_indiatourjava-master_indiatourjava-master] INFO  o.eclipse.m2e.core.internal.Bundles - 	Entry: C:\Users\dhuma\Desktop\sts-4.17.2.RELEASE\plugins\org.eclipse.m2e.maven.runtime_3.8.604.20221130-2149\jars\wagon-provider-api-3.5.1.jar
2023-02-28 23:55:18,993 [Worker-18: Launching Executing clean in C__Users_dhuma_Downloads_indiatourjava-master_indiatourjava-master] INFO  o.eclipse.m2e.core.internal.Bundles - getClasspathEntries(Bundle=com.google.guava_30.1.0.v20221112-0806 [22])
2023-02-28 23:55:18,997 [Worker-18: Launching Executing clean in C__Users_dhuma_Downloads_indiatourjava-master_indiatourjava-master] INFO  o.eclipse.m2e.core.internal.Bundles - 	Entry: C:\Users\dhuma\Desktop\sts-4.17.2.RELEASE\plugins\com.google.guava_30.1.0.v20221112-0806.jar
2023-02-28 23:55:18,997 [Worker-18: Launching Executing clean in C__Users_dhuma_Downloads_indiatourjava-master_indiatourjava-master] INFO  o.eclipse.m2e.core.internal.Bundles - getClasspathEntries(Bundle=slf4j.api_1.7.36 [584])
2023-02-28 23:55:18,999 [Worker-18: Launching Executing clean in C__Users_dhuma_Downloads_indiatourjava-master_indiatourjava-master] INFO  o.eclipse.m2e.core.internal.Bundles - 	Entry: C:\Users\dhuma\Desktop\sts-4.17.2.RELEASE\plugins\slf4j.api_1.7.36.jar
2023-02-28 23:55:19,000 [Worker-18: Launching Executing clean in C__Users_dhuma_Downloads_indiatourjava-master_indiatourjava-master] INFO  o.eclipse.m2e.core.internal.Bundles - getClasspathEntries(Bundle=javax.inject_1.0.0.v20220405-0441 [49])
2023-02-28 23:55:19,003 [Worker-18: Launching Executing clean in C__Users_dhuma_Downloads_indiatourjava-master_indiatourjava-master] INFO  o.eclipse.m2e.core.internal.Bundles - 	Entry: C:\Users\dhuma\Desktop\sts-4.17.2.RELEASE\plugins\javax.inject_1.0.0.v20220405-0441.jar
2023-02-28 23:55:19,004 [Worker-18: Launching Executing clean in C__Users_dhuma_Downloads_indiatourjava-master_indiatourjava-master] INFO  o.eclipse.m2e.core.internal.Bundles - getClasspathEntries(Bundle=javax.annotation_1.3.5.v20221112-0806 [47])
2023-02-28 23:55:19,007 [Worker-18: Launching Executing clean in C__Users_dhuma_Downloads_indiatourjava-master_indiatourjava-master] INFO  o.eclipse.m2e.core.internal.Bundles - 	Entry: C:\Users\dhuma\Desktop\sts-4.17.2.RELEASE\plugins\javax.annotation_1.3.5.v20221112-0806.jar
2023-02-28 23:55:19,017 [Worker-18: Launching Executing clean in C__Users_dhuma_Downloads_indiatourjava-master_indiatourjava-master] INFO  o.e.m.i.launch.MavenLaunchDelegate - Run build in "C:\Users\dhuma\Downloads\indiatourjava-master\indiatourjava-master":
2023-02-28 23:55:19,019 [Worker-18: Launching Executing clean in C__Users_dhuma_Downloads_indiatourjava-master_indiatourjava-master] INFO  o.e.m.i.launch.MavenLaunchDelegate -  mvn  -B -Dstyle.color=always clean
2023-02-28 23:55:19,019 [Worker-18: Launching Executing clean in C__Users_dhuma_Downloads_indiatourjava-master_indiatourjava-master] WARN  o.e.m.i.l.MavenLaunchExtensionsSupport - Unknown or unsupported source locator org.eclipse.jdt.internal.launching.sourcelookup.advanced.AdvancedSourceLookupDirector
2023-02-28 23:55:41,839 [main] INFO  o.e.m2e.actions.ExecutePomAction - Creating new launch configuration
2023-02-28 23:55:49,162 [Worker-8: Launching indiatourjava-master] INFO  o.e.m.i.launch.MavenLaunchDelegate - Run build in "C:\Users\dhuma\Downloads\indiatourjava-master\indiatourjava-master":
2023-02-28 23:55:49,165 [Worker-8: Launching indiatourjava-master] INFO  o.e.m.i.launch.MavenLaunchDelegate -  mvn  -B -Dstyle.color=always 
2023-02-28 23:55:49,165 [Worker-8: Launching indiatourjava-master] WARN  o.e.m.i.l.MavenLaunchExtensionsSupport - Unknown or unsupported source locator org.eclipse.jdt.internal.launching.sourcelookup.advanced.AdvancedSourceLookupDirector
2023-02-28 23:56:47,058 [Worker-21: Updating Maven Project] INFO  o.e.m.c.i.p.ProjectConfigurationManager - Update started
2023-02-28 23:56:47,510 [Worker-21: Updating Maven Project] INFO  o.e.m.c.i.l.LifecycleMappingFactory - Using org.eclipse.m2e.jdt.JarLifecycleMapping lifecycle mapping for MavenProject: com.indiatour:Etour:0.0.1-SNAPSHOT @ C:\Users\dhuma\Downloads\indiatourjava-master\indiatourjava-master\pom.xml.
2023-02-28 23:56:48,285 [Worker-21: Updating Maven Project] INFO  o.e.m.j.i.AbstractJavaProjectConfigurator - Adding source folder /Etour/src/main/java
2023-02-28 23:56:48,286 [Worker-21: Updating Maven Project] INFO  o.e.m.j.i.AbstractJavaProjectConfigurator - Adding resource folder /Etour/src/main/resources
2023-02-28 23:56:48,287 [Worker-21: Updating Maven Project] INFO  o.e.m.j.i.AbstractJavaProjectConfigurator - Adding resource folder /Etour/src/main/resources
2023-02-28 23:56:48,288 [Worker-21: Updating Maven Project] INFO  o.e.m.j.i.AbstractJavaProjectConfigurator - Adding source folder /Etour/src/test/java
2023-02-28 23:56:48,799 [Worker-21: Updating Maven Project] INFO  o.e.m.c.i.p.ProjectConfigurationManager - Update completed for 1 poms: local refresh takes 0.00 sec, refresh facades takes 1.00 sec, update config takes 0.00 sec 
2023-02-28 23:58:04,653 [Worker-19: Updating Maven Project] INFO  o.e.m.c.i.p.ProjectConfigurationManager - Update started
2023-02-28 23:58:05,138 [Worker-19: Updating Maven Project] INFO  o.e.m.c.i.l.LifecycleMappingFactory - Using org.eclipse.m2e.jdt.JarLifecycleMapping lifecycle mapping for MavenProject: com.indiatour:Etour:0.0.1-SNAPSHOT @ C:\Users\dhuma\Downloads\indiatourjava-master\indiatourjava-master\pom.xml.
2023-02-28 23:58:05,833 [Worker-19: Updating Maven Project] INFO  o.e.m.j.i.AbstractJavaProjectConfigurator - Adding source folder /Etour/src/main/java
2023-02-28 23:58:05,834 [Worker-19: Updating Maven Project] INFO  o.e.m.j.i.AbstractJavaProjectConfigurator - Adding resource folder /Etour/src/main/resources
2023-02-28 23:58:05,834 [Worker-19: Updating Maven Project] INFO  o.e.m.j.i.AbstractJavaProjectConfigurator - Adding resource folder /Etour/src/main/resources
2023-02-28 23:58:05,836 [Worker-19: Updating Maven Project] INFO  o.e.m.j.i.AbstractJavaProjectConfigurator - Adding source folder /Etour/src/test/java
2023-02-28 23:58:06,398 [Worker-19: Updating Maven Project] INFO  o.e.m.c.i.p.ProjectConfigurationManager - Update completed for 1 poms: local refresh takes 0.00 sec, refresh facades takes 1.00 sec, update config takes 0.00 sec 
